[debug] [2018-01-10T20:33:47.591Z] ----------------------------------------------------------------------
[debug] [2018-01-10T20:33:47.595Z] Command:       C:\Program Files\nodejs\node.exe C:\Users\Admin\AppData\Roaming\npm\node_modules\firebase-tools\bin\firebase serve
[debug] [2018-01-10T20:33:47.596Z] CLI Version:   3.16.0
[debug] [2018-01-10T20:33:47.596Z] Platform:      win32
[debug] [2018-01-10T20:33:47.596Z] Node Version:  v6.11.3
[debug] [2018-01-10T20:33:47.597Z] Time:          Wed Jan 10 2018 17:33:47 GMT-0300 (Hora verano Sudamérica Pacífico)
[debug] [2018-01-10T20:33:47.597Z] ----------------------------------------------------------------------
[debug] 
[debug] [2018-01-10T20:33:47.615Z] > command requires scopes: ["email","openid","https://www.googleapis.com/auth/cloudplatformprojects.readonly","https://www.googleapis.com/auth/firebase","https://www.googleapis.com/auth/cloud-platform"]
[debug] [2018-01-10T20:33:47.615Z] > authorizing via signed-in user
[debug] [2018-01-10T20:33:47.618Z] > refreshing access token with scopes: ["email","https://www.googleapis.com/auth/cloud-platform","https://www.googleapis.com/auth/cloudplatformprojects.readonly","https://www.googleapis.com/auth/firebase","openid"]
[debug] [2018-01-10T20:33:47.618Z] >>> HTTP REQUEST POST https://www.googleapis.com/oauth2/v3/token  
 { refresh_token: '1/_wRLlv8Gtfug2vG2sMzJRM0ufaFLVHFTfaj1c-ucp8I',
  client_id: '563584335869-fgrhgmd47bqnekij5i8b5pr03ho849e6.apps.googleusercontent.com',
  client_secret: 'j9iVZfS8kkCEFUPaAeJV0sAi',
  grant_type: 'refresh_token',
  scope: 'email https://www.googleapis.com/auth/cloud-platform https://www.googleapis.com/auth/cloudplatformprojects.readonly https://www.googleapis.com/auth/firebase openid' } 
 Wed Jan 10 2018 17:33:47 GMT-0300 (Hora verano Sudamérica Pacífico)
[debug] [2018-01-10T20:33:47.983Z] <<< HTTP RESPONSE 200
[debug] [2018-01-10T20:33:48.040Z] >>> HTTP REQUEST GET https://admin.firebase.com/v1/projects/peliculas-999a3  
  
 Wed Jan 10 2018 17:33:48 GMT-0300 (Hora verano Sudamérica Pacífico)
[debug] [2018-01-10T20:33:48.907Z] <<< HTTP RESPONSE 200
[debug] [2018-01-10T20:33:48.909Z] >>> HTTP REQUEST GET https://admin.firebase.com/v1/database/peliculas-999a3/tokens  
  
 Wed Jan 10 2018 17:33:48 GMT-0300 (Hora verano Sudamérica Pacífico)
[debug] [2018-01-10T20:33:49.758Z] <<< HTTP RESPONSE 200
[info] 
[info] === Serving from 'C:\Users\Admin\Desktop\plantilla'...
[info] 
[debug] [2018-01-10T20:33:49.768Z] >>> HTTP REQUEST GET https://cloudresourcemanager.googleapis.com/v1/projects/peliculas-999a3  
  
 Wed Jan 10 2018 17:33:49 GMT-0300 (Hora verano Sudamérica Pacífico)
[debug] [2018-01-10T20:33:50.805Z] <<< HTTP RESPONSE 200
[debug] [2018-01-10T20:33:50.806Z] >>> HTTP REQUEST GET https://mobilesdk-pa.googleapis.com/v1/projects/918922040142/clients/_:getWebAppConfig  
  
 Wed Jan 10 2018 17:33:50 GMT-0300 (Hora verano Sudamérica Pacífico)
[debug] [2018-01-10T20:33:51.407Z] <<< HTTP RESPONSE 200
[info] i  hosting: Serving hosting files from: ./
[info] +  hosting: Local server: http://localhost:5000

